[handleMsg]:  {
  key: {
    remoteJid: '573114174405@s.whatsapp.net',
    fromMe: false,
    id: '3EB0AE9FA533C746BA938A',
    participant: undefined
  },
  messageTimestamp: 1709926750,
  pushName: 'Cristian Gonzalez',
  broadcast: false,
  message: Message {
    extendedTextMessage: ExtendedTextMessage {
      text: 'Hola',
      contextInfo: [ContextInfo],
      inviteLinkGroupTypeV2: 0
    },
    messageContextInfo: MessageContextInfo {
      deviceListMetadata: [DeviceListMetadata],
      deviceListMetadataVersion: 2
    }
  },
  body: 'Hola',
  from: '573114174405'
}
[QUEUE_SE_ENVIO]:  {
  ref: 'ans_f1557a25-ccc3-40d8-9bce-4e38addc9abd',
  keyword: 'key_9701327e-f837-46d9-8544-0da974ca767c',
  answer: 'Bienvenido a un ChatBot de Deportes\n' +
    'Hoy estamos animados!!, este bot te puede mostrar los partidos de las siguientes competiciones.',
  options: {
    media: null,
    buttons: [],
    capture: false,
    child: null,
    delay: 0,
    idle: null,
    ref: null,
    nested: [],
    keyword: {},
    callback: false
  },
  refSerialize: 'f6d41913c79ca3cb3e1165c751d76ce6'
}
[QUEUE_SE_ENVIO]:  {
  ref: 'ans_221ef5f8-b66f-402e-a22b-ad23202b87ad',
  keyword: 'ans_f1557a25-ccc3-40d8-9bce-4e38addc9abd',
  answer: '1. Liga de Brasil.\n' +
    '2. Premier League\n' +
    '3. Championship (England)\n' +
    '4. European Championship\n' +
    '5. UEFA Champions League\n' +
    '6. Ligue 1\n' +
    '7. Bundesliga\n' +
    '8. Serie A\n' +
    '9. Eredivise\n' +
    '10. Primeira League (Portugal)\n' +
    '11. Copa Libertadores\n' +
    '12. La Liga\n' +
    '13. FIFA World Cup',
  options: {
    media: null,
    buttons: [],
    capture: false,
    child: null,
    delay: 0,
    idle: null,
    ref: null,
    nested: [],
    keyword: {},
    callback: false
  },
  refSerialize: '72c49e06cb923476a54076c69f26e788'
}
[QUEUE_SE_ENVIO]:  {
  ref: 'ans_1714487d-4cb7-40f6-977c-0c1381de183f',
  keyword: 'ans_221ef5f8-b66f-402e-a22b-ad23202b87ad',
  answer: 'Los partidos del dia son los siguientes: ',
  options: {
    media: null,
    buttons: [],
    capture: false,
    child: null,
    delay: 0,
    idle: null,
    ref: null,
    nested: [],
    keyword: {},
    callback: true
  },
  refSerialize: '6b54bde140653bdde2cd42e0cde3c782'
}
[QUEUE_SE_ENVIO]:  {
  ref: 'ans_345c35e0-f9f2-4581-a5fa-21de58f9d6c2',
  keyword: 'ans_1714487d-4cb7-40f6-977c-0c1381de183f',
  answer: 'Eso son los partidos...',
  options: {
    media: null,
    buttons: [],
    capture: false,
    child: null,
    delay: 0,
    idle: null,
    ref: null,
    nested: [],
    keyword: {},
    callback: false
  },
  refSerialize: '32be9dc3dc148752600744d5ba204dd6'
}
[handleMsg]:  {
  key: {
    remoteJid: '573135049276@s.whatsapp.net',
    fromMe: false,
    id: '3EB0C385C3704BE71EB3FF',
    participant: undefined
  },
  messageTimestamp: 1709926828,
  pushName: 'Jhon Edward',
  broadcast: false,
  message: Message {
    extendedTextMessage: ExtendedTextMessage {
      text: 'hola',
      contextInfo: [ContextInfo],
      inviteLinkGroupTypeV2: 0
    },
    messageContextInfo: MessageContextInfo {
      deviceListMetadata: [DeviceListMetadata],
      deviceListMetadataVersion: 2
    }
  },
  body: 'hola',
  from: '573135049276'
}
[QUEUE_SE_ENVIO]:  {
  ref: 'ans_f1557a25-ccc3-40d8-9bce-4e38addc9abd',
  keyword: 'key_9701327e-f837-46d9-8544-0da974ca767c',
  answer: 'Bienvenido a un ChatBot de Deportes\n' +
    'Hoy estamos animados!!, este bot te puede mostrar los partidos de las siguientes competiciones.',
  options: {
    media: null,
    buttons: [],
    capture: false,
    child: null,
    delay: 0,
    idle: null,
    ref: null,
    nested: [],
    keyword: {},
    callback: false
  },
  refSerialize: 'f6d41913c79ca3cb3e1165c751d76ce6'
}
[QUEUE_SE_ENVIO]:  {
  ref: 'ans_221ef5f8-b66f-402e-a22b-ad23202b87ad',
  keyword: 'ans_f1557a25-ccc3-40d8-9bce-4e38addc9abd',
  answer: '1. Liga de Brasil.\n' +
    '2. Premier League\n' +
    '3. Championship (England)\n' +
    '4. European Championship\n' +
    '5. UEFA Champions League\n' +
    '6. Ligue 1\n' +
    '7. Bundesliga\n' +
    '8. Serie A\n' +
    '9. Eredivise\n' +
    '10. Primeira League (Portugal)\n' +
    '11. Copa Libertadores\n' +
    '12. La Liga\n' +
    '13. FIFA World Cup',
  options: {
    media: null,
    buttons: [],
    capture: false,
    child: null,
    delay: 0,
    idle: null,
    ref: null,
    nested: [],
    keyword: {},
    callback: false
  },
  refSerialize: '72c49e06cb923476a54076c69f26e788'
}
[QUEUE_SE_ENVIO]:  {
  ref: 'ans_1714487d-4cb7-40f6-977c-0c1381de183f',
  keyword: 'ans_221ef5f8-b66f-402e-a22b-ad23202b87ad',
  answer: 'Los partidos del dia son los siguientes: ',
  options: {
    media: null,
    buttons: [],
    capture: false,
    child: null,
    delay: 0,
    idle: null,
    ref: null,
    nested: [],
    keyword: {},
    callback: true
  },
  refSerialize: '6b54bde140653bdde2cd42e0cde3c782'
}
[QUEUE_SE_ENVIO]:  {
  ref: 'ans_345c35e0-f9f2-4581-a5fa-21de58f9d6c2',
  keyword: 'ans_1714487d-4cb7-40f6-977c-0c1381de183f',
  answer: 'Eso son los partidos...',
  options: {
    media: null,
    buttons: [],
    capture: false,
    child: null,
    delay: 0,
    idle: null,
    ref: null,
    nested: [],
    keyword: {},
    callback: false
  },
  refSerialize: '32be9dc3dc148752600744d5ba204dd6'
}
[handleMsg]:  {
  key: {
    remoteJid: '573114174405@s.whatsapp.net',
    fromMe: false,
    id: 'D0DAAF6D3E36D39003D189918BE7B89B',
    participant: undefined
  },
  messageTimestamp: 1709931775,
  pushName: 'Cristian Gonzalez',
  broadcast: false,
  message: Message {
    conversation: 'Hola',
    messageContextInfo: MessageContextInfo {
      deviceListMetadata: [DeviceListMetadata],
      deviceListMetadataVersion: 2
    }
  },
  body: 'Hola',
  from: '573114174405'
}
[QUEUE_SE_ENVIO]:  {
  ref: 'ans_f1557a25-ccc3-40d8-9bce-4e38addc9abd',
  keyword: 'key_9701327e-f837-46d9-8544-0da974ca767c',
  answer: 'Bienvenido a un ChatBot de Deportes\n' +
    'Hoy estamos animados!!, este bot te puede mostrar los partidos de las siguientes competiciones.',
  options: {
    media: null,
    buttons: [],
    capture: false,
    child: null,
    delay: 0,
    idle: null,
    ref: null,
    nested: [],
    keyword: {},
    callback: false
  },
  refSerialize: 'f6d41913c79ca3cb3e1165c751d76ce6'
}
[QUEUE_SE_ENVIO]:  {
  ref: 'ans_221ef5f8-b66f-402e-a22b-ad23202b87ad',
  keyword: 'ans_f1557a25-ccc3-40d8-9bce-4e38addc9abd',
  answer: '1. Liga de Brasil.\n' +
    '2. Premier League\n' +
    '3. Championship (England)\n' +
    '4. European Championship\n' +
    '5. UEFA Champions League\n' +
    '6. Ligue 1\n' +
    '7. Bundesliga\n' +
    '8. Serie A\n' +
    '9. Eredivise\n' +
    '10. Primeira League (Portugal)\n' +
    '11. Copa Libertadores\n' +
    '12. La Liga\n' +
    '13. FIFA World Cup',
  options: {
    media: null,
    buttons: [],
    capture: false,
    child: null,
    delay: 0,
    idle: null,
    ref: null,
    nested: [],
    keyword: {},
    callback: false
  },
  refSerialize: '72c49e06cb923476a54076c69f26e788'
}
[QUEUE_SE_ENVIO]:  {
  ref: 'ans_1714487d-4cb7-40f6-977c-0c1381de183f',
  keyword: 'ans_221ef5f8-b66f-402e-a22b-ad23202b87ad',
  answer: 'Los partidos del dia son los siguientes: ',
  options: {
    media: null,
    buttons: [],
    capture: false,
    child: null,
    delay: 0,
    idle: null,
    ref: null,
    nested: [],
    keyword: {},
    callback: true
  },
  refSerialize: '6b54bde140653bdde2cd42e0cde3c782'
}
[QUEUE_SE_ENVIO]:  {
  ref: 'ans_345c35e0-f9f2-4581-a5fa-21de58f9d6c2',
  keyword: 'ans_1714487d-4cb7-40f6-977c-0c1381de183f',
  answer: 'Eso son los partidos...',
  options: {
    media: null,
    buttons: [],
    capture: false,
    child: null,
    delay: 0,
    idle: null,
    ref: null,
    nested: [],
    keyword: {},
    callback: false
  },
  refSerialize: '32be9dc3dc148752600744d5ba204dd6'
}
